<?xml version="1.0" encoding="UTF-8"?>
<testng-results ignored="0" total="2" passed="2" failed="0" skipped="0">
  <reporter-output>
  </reporter-output>
  <suite started-at="2025-04-30T10:46:52 IST" name="Default suite" finished-at="2025-04-30T10:47:40 IST" duration-ms="47385">
    <groups>
      <group name="cucumber">
        <method signature="AbstractTestNGCucumberTests.runScenario(io.cucumber.testng.PickleWrapper,io.cucumber.testng.FeatureWrapper)[pri:0, instance:automationTest.runner@7c137fd5]" name="runScenario" class="io.cucumber.testng.AbstractTestNGCucumberTests"/>
      </group> <!-- cucumber -->
    </groups>
    <test started-at="2025-04-30T10:46:52 IST" name="Default test" finished-at="2025-04-30T10:47:40 IST" duration-ms="47385">
      <class name="automationTest.runner">
        <test-method is-config="true" signature="setUpClass()[pri:0, instance:automationTest.runner@7c137fd5]" started-at="2025-04-30T10:46:52 IST" name="setUpClass" finished-at="2025-04-30T10:46:53 IST" duration-ms="310" status="PASS">
          <reporter-output>
          </reporter-output>
        </test-method> <!-- setUpClass -->
        <test-method signature="runScenario(io.cucumber.testng.PickleWrapper,io.cucumber.testng.FeatureWrapper)[pri:0, instance:automationTest.runner@7c137fd5]" started-at="2025-04-30T10:46:53 IST" name="runScenario" description="Runs Cucumber Scenarios" data-provider="scenarios" finished-at="2025-04-30T10:47:19 IST" duration-ms="26705" status="PASS">
          <params>
            <param index="0">
              <value>
                <![CDATA["Register in Automation Exercise Website"]]>
              </value>
            </param>
            <param index="1">
              <value>
                <![CDATA["Optional[Register feature in Automation Exercise Website]"]]>
              </value>
            </param>
          </params>
          <reporter-output>
          </reporter-output>
        </test-method> <!-- runScenario -->
        <test-method signature="runScenario(io.cucumber.testng.PickleWrapper,io.cucumber.testng.FeatureWrapper)[pri:0, instance:automationTest.runner@7c137fd5]" started-at="2025-04-30T10:47:19 IST" name="runScenario" description="Runs Cucumber Scenarios" data-provider="scenarios" finished-at="2025-04-30T10:47:40 IST" duration-ms="20301" status="PASS">
          <params>
            <param index="0">
              <value>
                <![CDATA["Register in Automation Exercise Website"]]>
              </value>
            </param>
            <param index="1">
              <value>
                <![CDATA["Optional[Register feature in Automation Exercise Website]"]]>
              </value>
            </param>
          </params>
          <reporter-output>
          </reporter-output>
        </test-method> <!-- runScenario -->
        <test-method is-config="true" signature="tearDownClass()[pri:0, instance:automationTest.runner@7c137fd5]" started-at="2025-04-30T10:47:40 IST" name="tearDownClass" finished-at="2025-04-30T10:47:40 IST" duration-ms="12" status="PASS">
          <reporter-output>
          </reporter-output>
        </test-method> <!-- tearDownClass -->
      </class> <!-- automationTest.runner -->
    </test> <!-- Default test -->
  </suite> <!-- Default suite -->
</testng-results>
