<?xml version="1.0" encoding="UTF-8"?>
<testng-results ignored="0" total="1" passed="1" failed="0" skipped="0">
  <reporter-output>
  </reporter-output>
  <suite started-at="2025-04-28T17:56:12 IST" name="Default suite" finished-at="2025-04-28T17:56:12 IST" duration-ms="561">
    <groups>
      <group name="cucumber">
        <method signature="AbstractTestNGCucumberTests.runScenario(io.cucumber.testng.PickleWrapper,io.cucumber.testng.FeatureWrapper)[pri:0, instance:day1.testrunner@5386659f]" name="runScenario" class="io.cucumber.testng.AbstractTestNGCucumberTests"/>
      </group> <!-- cucumber -->
    </groups>
    <test started-at="2025-04-28T17:56:12 IST" name="Default test" finished-at="2025-04-28T17:56:12 IST" duration-ms="561">
      <class name="day1.testrunner">
        <test-method is-config="true" signature="setUpClass()[pri:0, instance:day1.testrunner@5386659f]" started-at="2025-04-28T17:56:12 IST" name="setUpClass" finished-at="2025-04-28T17:56:12 IST" duration-ms="292" status="PASS">
          <reporter-output>
          </reporter-output>
        </test-method> <!-- setUpClass -->
        <test-method signature="runScenario(io.cucumber.testng.PickleWrapper,io.cucumber.testng.FeatureWrapper)[pri:0, instance:day1.testrunner@5386659f]" started-at="2025-04-28T17:56:12 IST" name="runScenario" description="Runs Cucumber Scenarios" data-provider="scenarios" finished-at="2025-04-28T17:56:12 IST" duration-ms="199" status="PASS">
          <params>
            <param index="0">
              <value>
                <![CDATA["Login in awesomeqa using valid credentials"]]>
              </value>
            </param>
            <param index="1">
              <value>
                <![CDATA["Optional[login feature of awesomeqa application]"]]>
              </value>
            </param>
          </params>
          <reporter-output>
          </reporter-output>
        </test-method> <!-- runScenario -->
        <test-method is-config="true" signature="tearDownClass()[pri:0, instance:day1.testrunner@5386659f]" started-at="2025-04-28T17:56:12 IST" name="tearDownClass" finished-at="2025-04-28T17:56:12 IST" duration-ms="14" status="PASS">
          <reporter-output>
          </reporter-output>
        </test-method> <!-- tearDownClass -->
      </class> <!-- day1.testrunner -->
    </test> <!-- Default test -->
  </suite> <!-- Default suite -->
</testng-results>
