<?xml version="1.0" encoding="UTF-8"?>
<!-- Generated by org.testng.reporters.JUnitXMLReporter -->
<testsuite ignored="0" hostname="WKSPUN05GTR0523" failures="0" tests="2" name="Default test" time="47.385" errors="0" timestamp="2025-04-30T10:47:40 IST">
  <testcase classname="io.cucumber.testng.AbstractTestNGCucumberTests" name="runScenario" time="26.705"/>
  <testcase classname="io.cucumber.testng.AbstractTestNGCucumberTests" name="runScenario" time="20.301"/>
</testsuite> <!-- Default test -->
