<?xml version="1.0" encoding="UTF-8"?>
<testng-results ignored="0" total="2" passed="2" failed="0" skipped="0">
  <reporter-output>
  </reporter-output>
  <suite started-at="2025-05-17T17:56:19 IST" name="Default suite" finished-at="2025-05-17T17:56:49 IST" duration-ms="29536">
    <groups>
      <group name="cucumber">
        <method signature="AbstractTestNGCucumberTests.runScenario(io.cucumber.testng.PickleWrapper,io.cucumber.testng.FeatureWrapper)[pri:0, instance:TestRunner.TestRunner@5ddeb7cb]" name="runScenario" class="io.cucumber.testng.AbstractTestNGCucumberTests"/>
      </group> <!-- cucumber -->
    </groups>
    <test started-at="2025-05-17T17:56:19 IST" name="Default test" finished-at="2025-05-17T17:56:49 IST" duration-ms="29536">
      <class name="TestRunner.TestRunner">
        <test-method is-config="true" signature="setUpClass()[pri:0, instance:TestRunner.TestRunner@5ddeb7cb]" started-at="2025-05-17T17:56:19 IST" name="setUpClass" finished-at="2025-05-17T17:56:19 IST" duration-ms="311" status="PASS">
          <reporter-output>
          </reporter-output>
        </test-method> <!-- setUpClass -->
        <test-method signature="runScenario(io.cucumber.testng.PickleWrapper,io.cucumber.testng.FeatureWrapper)[pri:0, instance:TestRunner.TestRunner@5ddeb7cb]" started-at="2025-05-17T17:56:20 IST" name="runScenario" description="Runs Cucumber Scenarios" data-provider="scenarios" finished-at="2025-05-17T17:56:35 IST" duration-ms="15523" status="PASS">
          <params>
            <param index="0">
              <value>
                <![CDATA["Using valid data to login"]]>
              </value>
            </param>
            <param index="1">
              <value>
                <![CDATA["Optional[Implementing Login using DDT]"]]>
              </value>
            </param>
          </params>
          <reporter-output>
          </reporter-output>
        </test-method> <!-- runScenario -->
        <test-method signature="runScenario(io.cucumber.testng.PickleWrapper,io.cucumber.testng.FeatureWrapper)[pri:0, instance:TestRunner.TestRunner@5ddeb7cb]" started-at="2025-05-17T17:56:35 IST" name="runScenario" description="Runs Cucumber Scenarios" data-provider="scenarios" finished-at="2025-05-17T17:56:49 IST" duration-ms="13640" status="PASS">
          <params>
            <param index="0">
              <value>
                <![CDATA["Using invalid data to login"]]>
              </value>
            </param>
            <param index="1">
              <value>
                <![CDATA["Optional[Implementing Login using DDT]"]]>
              </value>
            </param>
          </params>
          <reporter-output>
          </reporter-output>
        </test-method> <!-- runScenario -->
        <test-method is-config="true" signature="tearDownClass()[pri:0, instance:TestRunner.TestRunner@5ddeb7cb]" started-at="2025-05-17T17:56:49 IST" name="tearDownClass" finished-at="2025-05-17T17:56:49 IST" duration-ms="8" status="PASS">
          <reporter-output>
          </reporter-output>
        </test-method> <!-- tearDownClass -->
      </class> <!-- TestRunner.TestRunner -->
    </test> <!-- Default test -->
  </suite> <!-- Default suite -->
</testng-results>
