<?xml version="1.0" encoding="UTF-8"?>
<testng-results ignored="0" total="1" passed="1" failed="0" skipped="0">
  <reporter-output>
  </reporter-output>
  <suite started-at="2025-04-30T16:24:53 IST" name="Default suite" finished-at="2025-04-30T16:25:33 IST" duration-ms="40416">
    <groups>
      <group name="cucumber">
        <method signature="AbstractTestNGCucumberTests.runScenario(io.cucumber.testng.PickleWrapper,io.cucumber.testng.FeatureWrapper)[pri:0, instance:registerTest.TestRunner@6be968ce]" name="runScenario" class="io.cucumber.testng.AbstractTestNGCucumberTests"/>
      </group> <!-- cucumber -->
    </groups>
    <test started-at="2025-04-30T16:24:53 IST" name="Default test" finished-at="2025-04-30T16:25:33 IST" duration-ms="40416">
      <class name="registerTest.TestRunner">
        <test-method is-config="true" signature="setUpClass()[pri:0, instance:registerTest.TestRunner@6be968ce]" started-at="2025-04-30T16:24:53 IST" name="setUpClass" finished-at="2025-04-30T16:24:53 IST" duration-ms="368" status="PASS">
          <reporter-output>
          </reporter-output>
        </test-method> <!-- setUpClass -->
        <test-method signature="runScenario(io.cucumber.testng.PickleWrapper,io.cucumber.testng.FeatureWrapper)[pri:0, instance:registerTest.TestRunner@6be968ce]" started-at="2025-04-30T16:24:53 IST" name="runScenario" description="Runs Cucumber Scenarios" data-provider="scenarios" finished-at="2025-04-30T16:25:33 IST" duration-ms="39978" status="PASS">
          <params>
            <param index="0">
              <value>
                <![CDATA["Register with personal details of user in DemoGurus99 Application"]]>
              </value>
            </param>
            <param index="1">
              <value>
                <![CDATA["Optional[Register feature in DemoGurus99 Application]"]]>
              </value>
            </param>
          </params>
          <reporter-output>
          </reporter-output>
        </test-method> <!-- runScenario -->
        <test-method is-config="true" signature="tearDownClass()[pri:0, instance:registerTest.TestRunner@6be968ce]" started-at="2025-04-30T16:25:33 IST" name="tearDownClass" finished-at="2025-04-30T16:25:33 IST" duration-ms="13" status="PASS">
          <reporter-output>
          </reporter-output>
        </test-method> <!-- tearDownClass -->
      </class> <!-- registerTest.TestRunner -->
    </test> <!-- Default test -->
  </suite> <!-- Default suite -->
</testng-results>
